2025-10-26T11:11:24: PM2 log: ===============================================================================
2025-10-26T11:11:24: PM2 log: --- New PM2 Daemon started ----------------------------------------------------
2025-10-26T11:11:24: PM2 log: Time                 : Sun Oct 26 2025 11:11:24 GMT+0000 (Coordinated Universal Time)
2025-10-26T11:11:24: PM2 log: PM2 version          : 6.0.13
2025-10-26T11:11:24: PM2 log: Node.js version      : 20.19.5
2025-10-26T11:11:24: PM2 log: Current arch         : x64
2025-10-26T11:11:24: PM2 log: PM2 home             : /var/www/crawler/.pm2
2025-10-26T11:11:24: PM2 log: PM2 PID file         : /var/www/crawler/.pm2/pm2.pid
2025-10-26T11:11:24: PM2 log: RPC socket file      : /var/www/crawler/.pm2/rpc.sock
2025-10-26T11:11:24: PM2 log: BUS socket file      : /var/www/crawler/.pm2/pub.sock
2025-10-26T11:11:24: PM2 log: Application log path : /var/www/crawler/.pm2/logs
2025-10-26T11:11:24: PM2 log: Worker Interval      : 30000
2025-10-26T11:11:24: PM2 log: Process dump file    : /var/www/crawler/.pm2/dump.pm2
2025-10-26T11:11:24: PM2 log: Concurrent actions   : 2
2025-10-26T11:11:24: PM2 log: SIGTERM timeout      : 1600
2025-10-26T11:11:24: PM2 log: Runtime Binary       : /usr/bin/node
2025-10-26T11:11:24: PM2 log: ===============================================================================
2025-10-26T11:11:24: PM2 log: App [crawler-app:0] starting in -fork mode-
2025-10-26T11:11:24: PM2 log: App [crawler-app:0] online
2025-10-26T11:17:39: PM2 log: pm2 has been killed by signal, dumping process list before exit...
2025-10-26T11:17:39: PM2 log: Deleting process 0
2025-10-26T11:17:39: PM2 log: Stopping app:crawler-app id:0
2025-10-26T11:17:39: PM2 log: App [crawler-app:0] exited with code [0] via signal [SIGHUP]
2025-10-26T11:17:39: PM2 log: pid=8200 msg=process killed
2025-10-26T11:17:39: PM2 log: Exited peacefully
